<?xml version="1.0" encoding="UTF-8"?>
<!-- Generated by org.testng.reporters.JUnitReportReporter -->
<testsuite hostname="MBadillo-EDP-100-327.local" failures="0" tests="3" name="TestPackage.day4" time="0.009" errors="0" timestamp="2023-03-02T09:20:16 PST" skipped="0">
  <testcase classname="TestPackage.day4" name="MobileLoginHomeLoan" time="0.004"/>
  <system-out/>
  <testcase classname="TestPackage.day4" name="LoginAPIHomeLoan" time="0.002"/>
  <system-out/>
  <testcase classname="TestPackage.day4" name="WebloginHomeLoan" time="0.003"/>
  <system-out/>
</testsuite> <!-- TestPackage.day4 -->
