<?xml version="1.0" encoding="UTF-8"?>
<!-- Generated by org.testng.reporters.JUnitReportReporter -->
<testsuite hostname="MBadillo-EDP-100-327.local" failures="0" tests="7" name="TestPackage.day3" time="0.020" errors="0" timestamp="2023-03-02T09:20:16 PST" skipped="1">
  <testcase classname="TestPackage.day3" name="MobilesignoutCarLoan" time="0.005"/>
  <system-out/>
  <testcase classname="TestPackage.day3" name="MobilesignoutCarLoan" time="0.001"/>
  <system-out/>
  <testcase classname="TestPackage.day3" name="WeblogincarLoan" time="0.005"/>
  <system-out/>
  <testcase classname="TestPackage.day3" name="MobileLoginCarLoan" time="0.001"/>
  <system-out/>
  <testcase classname="TestPackage.day3" name="MobilesignoutCarLoan" time="0.007"/>
  <system-out/>
  <testcase classname="TestPackage.day3" name="LoginAPIcarLoann" time="0.001"/>
  <system-out/>
  <testcase classname="TestPackage.day3" name="MobilesigninCarLoan">
    <skipped/>
  </testcase> <!-- MobilesigninCarLoan -->
  <system-out/>
</testsuite> <!-- TestPackage.day3 -->
