<?xml version="1.0" encoding="UTF-8"?>
<!-- Generated by org.testng.reporters.JUnitReportReporter -->
<testsuite hostname="MBadillo-EDP-100-327.local" failures="0" tests="1" name="TestPackage.PS1" time="0.010" errors="0" timestamp="2023-03-02T13:23:03 PST" skipped="0">
  <testcase classname="TestPackage.PS1" name="testRun" time="0.010"/>
  <system-out/>
</testsuite> <!-- TestPackage.PS1 -->
