<?xml version="1.0" encoding="UTF-8"?>
<!-- Generated by org.testng.reporters.JUnitReportReporter -->
<testsuite hostname="MBadillo-EDP-100-327.local" failures="0" tests="1" name="TestPackage.day2" time="0.001" errors="0" timestamp="2023-03-02T09:20:16 PST" skipped="0">
  <testcase classname="TestPackage.day2" name="ploan" time="0.001"/>
  <system-out/>
</testsuite> <!-- TestPackage.day2 -->
